<?xml version="1.0" encoding="UTF-8"?>
<testng-results skipped="0" failed="0" ignored="0" total="1" passed="1">
  <reporter-output>
  </reporter-output>
  <suite name="Default suite" duration-ms="19159" started-at="2019-01-19T02:22:36Z" finished-at="2019-01-19T02:22:55Z">
    <groups>
      <group name="cucumber">
        <method signature="AbstractTestNGCucumberTests.feature(cucumber.api.testng.CucumberFeatureWrapper)[pri:0, instance:com.runner.AmazonLogInRunner@df27fae]" name="feature" class="cucumber.api.testng.AbstractTestNGCucumberTests"/>
      </group> <!-- cucumber -->
    </groups>
    <test name="Default test" duration-ms="19159" started-at="2019-01-19T02:22:36Z" finished-at="2019-01-19T02:22:55Z">
      <class name="com.runner.AmazonLogInRunner">
        <test-method status="PASS" signature="setUpClass()[pri:0, instance:com.runner.AmazonLogInRunner@df27fae]" name="setUpClass" is-config="true" duration-ms="520" started-at="2019-01-19T02:22:36Z" finished-at="2019-01-19T02:22:37Z">
          <reporter-output>
          </reporter-output>
        </test-method> <!-- setUpClass -->
        <test-method status="PASS" signature="feature(cucumber.api.testng.CucumberFeatureWrapper)[pri:0, instance:com.runner.AmazonLogInRunner@df27fae]" name="feature" duration-ms="17323" started-at="2019-01-19T02:22:37Z" description="Runs Cucumber Feature" data-provider="features" finished-at="2019-01-19T02:22:54Z">
          <params>
            <param index="0">
              <value>
                <![CDATA[LogIn]]>
              </value>
            </param>
          </params>
          <reporter-output>
          </reporter-output>
        </test-method> <!-- feature -->
        <test-method status="PASS" signature="teardown()[pri:0, instance:com.runner.AmazonLogInRunner@df27fae]" name="teardown" is-config="true" duration-ms="72" started-at="2019-01-19T02:22:54Z" finished-at="2019-01-19T02:22:54Z">
          <reporter-output>
          </reporter-output>
        </test-method> <!-- teardown -->
        <test-method status="PASS" signature="tearDownClass()[pri:0, instance:com.runner.AmazonLogInRunner@df27fae]" name="tearDownClass" is-config="true" duration-ms="1059" started-at="2019-01-19T02:22:54Z" finished-at="2019-01-19T02:22:55Z">
          <reporter-output>
          </reporter-output>
        </test-method> <!-- tearDownClass -->
      </class> <!-- com.runner.AmazonLogInRunner -->
    </test> <!-- Default test -->
  </suite> <!-- Default suite -->
</testng-results>
