<?xml version="1.0" encoding="UTF-8"?>
<testng-results skipped="0" failed="0" ignored="0" total="1" passed="1">
  <reporter-output>
  </reporter-output>
  <suite name="Suite" duration-ms="25025" started-at="2019-01-19T02:51:19Z" finished-at="2019-01-19T02:51:44Z">
    <groups>
      <group name="cucumber">
        <method signature="AbstractTestNGCucumberTests.feature(cucumber.api.testng.CucumberFeatureWrapper)[pri:0, instance:com.runner.AmazonLogInRunner@7a187f14]" name="feature" class="cucumber.api.testng.AbstractTestNGCucumberTests"/>
      </group> <!-- cucumber -->
    </groups>
    <test name="Test" duration-ms="25025" started-at="2019-01-19T02:51:19Z" finished-at="2019-01-19T02:51:44Z">
      <class name="com.runner.AmazonLogInRunner">
        <test-method status="PASS" signature="setUpClass()[pri:0, instance:com.runner.AmazonLogInRunner@7a187f14]" name="setUpClass" is-config="true" duration-ms="352" started-at="2019-01-19T02:51:19Z" finished-at="2019-01-19T02:51:20Z">
          <reporter-output>
          </reporter-output>
        </test-method> <!-- setUpClass -->
        <test-method status="PASS" signature="feature(cucumber.api.testng.CucumberFeatureWrapper)[pri:0, instance:com.runner.AmazonLogInRunner@7a187f14]" name="feature" duration-ms="23823" started-at="2019-01-19T02:51:20Z" description="Runs Cucumber Feature" data-provider="features" finished-at="2019-01-19T02:51:44Z">
          <params>
            <param index="0">
              <value>
                <![CDATA[LogIn]]>
              </value>
            </param>
          </params>
          <reporter-output>
          </reporter-output>
        </test-method> <!-- feature -->
        <test-method status="PASS" signature="teardown()[pri:0, instance:com.runner.AmazonLogInRunner@7a187f14]" name="teardown" is-config="true" duration-ms="82" started-at="2019-01-19T02:51:44Z" finished-at="2019-01-19T02:51:44Z">
          <reporter-output>
          </reporter-output>
        </test-method> <!-- teardown -->
        <test-method status="PASS" signature="tearDownClass()[pri:0, instance:com.runner.AmazonLogInRunner@7a187f14]" name="tearDownClass" is-config="true" duration-ms="630" started-at="2019-01-19T02:51:44Z" finished-at="2019-01-19T02:51:44Z">
          <reporter-output>
          </reporter-output>
        </test-method> <!-- tearDownClass -->
      </class> <!-- com.runner.AmazonLogInRunner -->
    </test> <!-- Test -->
  </suite> <!-- Suite -->
</testng-results>
